<?xml version="1.0" encoding="UTF-8"?>
<!-- Generated by org.testng.reporters.JUnitReportReporter -->
<testsuite hostname="DESKTOP-GCV6TKI" failures="0" tests="3" name="com.agentscript.end.programserachendtoend" time="97.181" errors="0" timestamp="2022-07-04T16:53:40 IST" skipped="0">
  <testcase classname="com.agentscript.end.programserachendtoend" name="intibase" time="6.847"/>
  <system-out/>
  <testcase classname="com.agentscript.end.programserachendtoend" name="login" time="0.290"/>
  <system-out/>
  <testcase classname="com.agentscript.end.programserachendtoend" name="searchprogram" time="90.044"/>
  <system-out/>
</testsuite> <!-- com.agentscript.end.programserachendtoend -->
