<?xml version="1.0" encoding="UTF-8"?>
<!-- Generated by org.testng.reporters.JUnitReportReporter -->
<testsuite hostname="DESKTOP-GCV6TKI" failures="0" tests="3" name="com.agentscript.end.Dashboardendtoend" time="288.285" errors="0" timestamp="2022-07-04T16:19:47 IST" skipped="0">
  <testcase classname="com.agentscript.end.Dashboardendtoend" name="intibase" time="18.290"/>
  <system-out/>
  <testcase classname="com.agentscript.end.Dashboardendtoend" name="login" time="0.516"/>
  <system-out/>
  <testcase classname="com.agentscript.end.Dashboardendtoend" name="Dashboardfeatures" time="269.479"/>
  <system-out/>
</testsuite> <!-- com.agentscript.end.Dashboardendtoend -->
