<?xml version="1.0" encoding="UTF-8"?>
<!-- Generated by org.testng.reporters.JUnitReportReporter -->
<testsuite hostname="DESKTOP-GCV6TKI" failures="0" tests="2" name="com.agentscript.end.Endtoend" time="96.550" errors="0" timestamp="2022-07-04T16:58:51 IST" skipped="0">
  <testcase classname="com.agentscript.end.Endtoend" name="intibase" time="8.322"/>
  <system-out/>
  <testcase classname="com.agentscript.end.Endtoend" name="Differentagentlogin" time="88.228"/>
  <system-out/>
</testsuite> <!-- com.agentscript.end.Endtoend -->
